<?xml version="1.0" encoding="utf-8"?>
<test-run id="2" testcasecount="1" result="Failed(Child)" total="1" passed="0" failed="1" inconclusive="0" skipped="0" asserts="0" engine-version="3.5.0.0" clr-version="4.0.30319.42000" start-time="2026-07-04 10:40:54Z" end-time="2026-07-04 10:40:54Z" duration="0.0674173">
  <test-suite type="TestSuite" id="1046" name="CrossRoad" fullname="CrossRoad" runstate="Runnable" testcasecount="1" result="Failed" site="Child" start-time="2026-07-04 10:40:54Z" end-time="2026-07-04 10:40:54Z" duration="0.067417" total="1" passed="0" failed="1" inconclusive="0" skipped="0" asserts="0">
    <properties>
      <property name="platform" value="PlayMode" />
    </properties>
    <failure>
      <message><![CDATA[One or more child tests had errors]]></message>
    </failure>
    <test-suite type="Assembly" id="1003" name="Assembly-CSharp.dll" fullname="C:/Users/a0911/OneDrive/文件/GitHub/my-project/Library/ScriptAssemblies/Assembly-CSharp.dll" runstate="Runnable" testcasecount="1" result="Failed" site="Child" start-time="2026-07-04 10:40:54Z" end-time="2026-07-04 10:40:54Z" duration="0.059838" total="1" passed="0" failed="1" inconclusive="0" skipped="0" asserts="0">
      <properties>
        <property name="_PID" value="31740" />
        <property name="_APPDOMAIN" value="Unity Child Domain" />
        <property name="platform" value="PlayMode" />
        <property name="EditorOnly" value="False" />
      </properties>
      <failure>
        <message><![CDATA[One or more child tests had errors]]></message>
      </failure>
      <test-suite type="TestSuite" id="1004" name="X" fullname="X" runstate="Runnable" testcasecount="1" result="Failed" site="Child" start-time="2026-07-04 10:40:54Z" end-time="2026-07-04 10:40:54Z" duration="0.053193" total="1" passed="0" failed="1" inconclusive="0" skipped="0" asserts="0">
        <properties />
        <failure>
          <message><![CDATA[One or more child tests had errors]]></message>
        </failure>
        <test-suite type="TestSuite" id="1005" name="Tests" fullname="X.Tests" runstate="Runnable" testcasecount="1" result="Failed" site="Child" start-time="2026-07-04 10:40:54Z" end-time="2026-07-04 10:40:54Z" duration="0.047061" total="1" passed="0" failed="1" inconclusive="0" skipped="0" asserts="0">
          <properties />
          <failure>
            <message><![CDATA[One or more child tests had errors]]></message>
          </failure>
          <test-suite type="TestSuite" id="1006" name="PlayMode" fullname="X.Tests.PlayMode" runstate="Runnable" testcasecount="1" result="Failed" site="Child" start-time="2026-07-04 10:40:54Z" end-time="2026-07-04 10:40:54Z" duration="0.036094" total="1" passed="0" failed="1" inconclusive="0" skipped="0" asserts="0">
            <properties />
            <failure>
              <message><![CDATA[One or more child tests had errors]]></message>
            </failure>
            <test-suite type="TestFixture" id="1001" name="TeleporterPlayModeTest" fullname="X.Tests.PlayMode.TeleporterPlayModeTest" classname="X.Tests.PlayMode.TeleporterPlayModeTest" runstate="Runnable" testcasecount="1" result="Failed" site="Child" start-time="2026-07-04 10:40:54Z" end-time="2026-07-04 10:40:54Z" duration="0.029642" total="1" passed="0" failed="1" inconclusive="0" skipped="0" asserts="0">
              <properties />
              <failure>
                <message><![CDATA[One or more child tests had errors]]></message>
              </failure>
              <test-case id="1002" name="Teleporter_DuringTransition_ShouldDisableEventSystem_FreezeInteraction" fullname="X.Tests.PlayMode.TeleporterPlayModeTest.Teleporter_DuringTransition_ShouldDisableEventSystem_FreezeInteraction" methodname="Teleporter_DuringTransition_ShouldDisableEventSystem_FreezeInteraction" classname="X.Tests.PlayMode.TeleporterPlayModeTest" runstate="Runnable" seed="824186548" result="Failed" label="Error" start-time="2026-07-04 10:40:54Z" end-time="2026-07-04 10:40:54Z" duration="0.023598" asserts="0">
                <properties>
                  <property name="_JOINTYPE" value="UnityCombinatorial" />
                  <property name="retryIteration" value="0" />
                  <property name="repeatIteration" value="0" />
                </properties>
                <failure>
                  <message><![CDATA[System.NullReferenceException : Object reference not set to an instance of an object]]></message>
                  <stack-trace><![CDATA[  at X.Tests.PlayMode.TeleporterPlayModeTest+<Teleporter_DuringTransition_ShouldDisableEventSystem_FreezeInteraction>d__0.MoveNext () [0x0011e] in C:\Users\a0911\OneDrive\文件\GitHub\my-project\Assets\coding\test loop\Tests\TeleporterPlayModeTest.cs:56 
  at UnityEngine.TestTools.TestEnumerator+<Execute>d__7.MoveNext () [0x0003a] in .\Library\PackageCache\com.unity.test-framework@d97b7cd61ded\UnityEngine.TestRunner\NUnitExtensions\Attributes\TestEnumerator.cs:44 ]]></stack-trace>
                </failure>
                <output><![CDATA[[RoomUIManager] OnEnable
[RoomUIManager] Start currentBigSceneIndex=0 currentRoomIndex=0
[RoomUIManager] no bigScenes configured.
[RoomUIManager] ShowRoom: no panels to show
[RoomUIManager] 找不到 ID 為 1 的大場景
Saving results to: C:/Users/a0911/AppData/LocalLow/404 Not Found/CrossRoad\TestResults.xml
]]></output>
              </test-case>
            </test-suite>
          </test-suite>
        </test-suite>
      </test-suite>
    </test-suite>
  </test-suite>
</test-run>