<?xml version="1.0" encoding="utf-8"?>
<test-run id="2" testcasecount="19" result="Passed" total="19" passed="19" failed="0" inconclusive="0" skipped="0" asserts="0" engine-version="3.5.0.0" clr-version="4.0.30319.42000" start-time="2026-07-04 09:29:47Z" end-time="2026-07-04 09:29:47Z" duration="0.0689794">
  <test-suite type="TestSuite" id="1034" name="CrossRoad" fullname="CrossRoad" runstate="Runnable" testcasecount="19" result="Passed" start-time="2026-07-04 09:29:47Z" end-time="2026-07-04 09:29:47Z" duration="0.068979" total="19" passed="19" failed="0" inconclusive="0" skipped="0" asserts="0">
    <properties>
      <property name="platform" value="EditMode" />
    </properties>
    <test-suite type="Assembly" id="1022" name="Assembly-CSharp-Editor.dll" fullname="C:/Users/a0911/OneDrive/文件/GitHub/my-project/Library/ScriptAssemblies/Assembly-CSharp-Editor.dll" runstate="Runnable" testcasecount="19" result="Passed" start-time="2026-07-04 09:29:47Z" end-time="2026-07-04 09:29:47Z" duration="0.055085" total="19" passed="19" failed="0" inconclusive="0" skipped="0" asserts="0">
      <properties>
        <property name="_PID" value="3476" />
        <property name="_APPDOMAIN" value="Unity Child Domain" />
        <property name="platform" value="EditMode" />
        <property name="EditorOnly" value="True" />
      </properties>
      <test-suite type="TestSuite" id="1023" name="X" fullname="X" runstate="Runnable" testcasecount="19" result="Passed" start-time="2026-07-04 09:29:47Z" end-time="2026-07-04 09:29:47Z" duration="0.052603" total="19" passed="19" failed="0" inconclusive="0" skipped="0" asserts="0">
        <properties />
        <test-suite type="TestSuite" id="1024" name="Tests" fullname="X.Tests" runstate="Runnable" testcasecount="19" result="Passed" start-time="2026-07-04 09:29:47Z" end-time="2026-07-04 09:29:47Z" duration="0.050775" total="19" passed="19" failed="0" inconclusive="0" skipped="0" asserts="0">
          <properties />
          <test-suite type="TestFixture" id="1001" name="SwipeUpToSwitchObjectTests" fullname="X.Tests.SwipeUpToSwitchObjectTests" classname="X.Tests.SwipeUpToSwitchObjectTests" runstate="Runnable" testcasecount="14" result="Passed" start-time="2026-07-04 09:29:47Z" end-time="2026-07-04 09:29:47Z" duration="0.035041" total="14" passed="14" failed="0" inconclusive="0" skipped="0" asserts="0">
            <properties />
            <test-case id="1015" name="DefaultFadeDuration_ShouldBeOne" fullname="X.Tests.SwipeUpToSwitchObjectTests.DefaultFadeDuration_ShouldBeOne" methodname="DefaultFadeDuration_ShouldBeOne" classname="X.Tests.SwipeUpToSwitchObjectTests" runstate="Runnable" seed="693079431" result="Passed" start-time="2026-07-04 09:29:47Z" end-time="2026-07-04 09:29:47Z" duration="0.011119" asserts="0">
              <properties>
                <property name="retryIteration" value="0" />
                <property name="repeatIteration" value="0" />
              </properties>
            </test-case>
            <test-case id="1014" name="DefaultSwipeThreshold_ShouldBePointZeroFive" fullname="X.Tests.SwipeUpToSwitchObjectTests.DefaultSwipeThreshold_ShouldBePointZeroFive" methodname="DefaultSwipeThreshold_ShouldBePointZeroFive" classname="X.Tests.SwipeUpToSwitchObjectTests" runstate="Runnable" seed="889704959" result="Passed" start-time="2026-07-04 09:29:47Z" end-time="2026-07-04 09:29:47Z" duration="0.001016" asserts="0">
              <properties>
                <property name="retryIteration" value="0" />
                <property name="repeatIteration" value="0" />
              </properties>
            </test-case>
            <test-case id="1013" name="OnPointerUp_EmptyObjectArray_ShouldNotSwitch" fullname="X.Tests.SwipeUpToSwitchObjectTests.OnPointerUp_EmptyObjectArray_ShouldNotSwitch" methodname="OnPointerUp_EmptyObjectArray_ShouldNotSwitch" classname="X.Tests.SwipeUpToSwitchObjectTests" runstate="Runnable" seed="1600521543" result="Passed" start-time="2026-07-04 09:29:47Z" end-time="2026-07-04 09:29:47Z" duration="0.001712" asserts="0">
              <properties>
                <property name="retryIteration" value="0" />
                <property name="repeatIteration" value="0" />
              </properties>
            </test-case>
            <test-case id="1012" name="OnPointerUp_SingleObjectArray_ShouldNotSwitch" fullname="X.Tests.SwipeUpToSwitchObjectTests.OnPointerUp_SingleObjectArray_ShouldNotSwitch" methodname="OnPointerUp_SingleObjectArray_ShouldNotSwitch" classname="X.Tests.SwipeUpToSwitchObjectTests" runstate="Runnable" seed="1157169335" result="Passed" start-time="2026-07-04 09:29:47Z" end-time="2026-07-04 09:29:47Z" duration="0.000656" asserts="0">
              <properties>
                <property name="retryIteration" value="0" />
                <property name="repeatIteration" value="0" />
              </properties>
            </test-case>
            <test-case id="1011" name="OnPointerUp_WhenIsFadingTrue_ShouldNotChangeCurrentIndex" fullname="X.Tests.SwipeUpToSwitchObjectTests.OnPointerUp_WhenIsFadingTrue_ShouldNotChangeCurrentIndex" methodname="OnPointerUp_WhenIsFadingTrue_ShouldNotChangeCurrentIndex" classname="X.Tests.SwipeUpToSwitchObjectTests" runstate="Runnable" seed="488230925" result="Passed" start-time="2026-07-04 09:29:47Z" end-time="2026-07-04 09:29:47Z" duration="0.000657" asserts="0">
              <properties>
                <property name="retryIteration" value="0" />
                <property name="repeatIteration" value="0" />
              </properties>
            </test-case>
            <test-case id="1010" name="PointerDrag_ValidSwipeUp_ShouldTriggerSwitch" fullname="X.Tests.SwipeUpToSwitchObjectTests.PointerDrag_ValidSwipeUp_ShouldTriggerSwitch" methodname="PointerDrag_ValidSwipeUp_ShouldTriggerSwitch" classname="X.Tests.SwipeUpToSwitchObjectTests" runstate="Runnable" seed="2065723083" result="Passed" start-time="2026-07-04 09:29:47Z" end-time="2026-07-04 09:29:47Z" duration="0.001385" asserts="0">
              <properties>
                <property name="retryIteration" value="0" />
                <property name="repeatIteration" value="0" />
              </properties>
            </test-case>
            <test-case id="1004" name="Start_AddsCanvasGroupToAllObjects" fullname="X.Tests.SwipeUpToSwitchObjectTests.Start_AddsCanvasGroupToAllObjects" methodname="Start_AddsCanvasGroupToAllObjects" classname="X.Tests.SwipeUpToSwitchObjectTests" runstate="Runnable" seed="1792851827" result="Passed" start-time="2026-07-04 09:29:47Z" end-time="2026-07-04 09:29:47Z" duration="0.000407" asserts="0">
              <properties>
                <property name="retryIteration" value="0" />
                <property name="repeatIteration" value="0" />
              </properties>
            </test-case>
            <test-case id="1002" name="Start_FirstObjectActive_CurrentIndexIsZero" fullname="X.Tests.SwipeUpToSwitchObjectTests.Start_FirstObjectActive_CurrentIndexIsZero" methodname="Start_FirstObjectActive_CurrentIndexIsZero" classname="X.Tests.SwipeUpToSwitchObjectTests" runstate="Runnable" seed="588034047" result="Passed" start-time="2026-07-04 09:29:47Z" end-time="2026-07-04 09:29:47Z" duration="0.000291" asserts="0">
              <properties>
                <property name="retryIteration" value="0" />
                <property name="repeatIteration" value="0" />
              </properties>
            </test-case>
            <test-case id="1003" name="Start_ThirdObjectActive_CurrentIndexIsTwo" fullname="X.Tests.SwipeUpToSwitchObjectTests.Start_ThirdObjectActive_CurrentIndexIsTwo" methodname="Start_ThirdObjectActive_CurrentIndexIsTwo" classname="X.Tests.SwipeUpToSwitchObjectTests" runstate="Runnable" seed="558619956" result="Passed" start-time="2026-07-04 09:29:47Z" end-time="2026-07-04 09:29:47Z" duration="0.000269" asserts="0">
              <properties>
                <property name="retryIteration" value="0" />
                <property name="repeatIteration" value="0" />
              </properties>
            </test-case>
            <test-case id="1007" name="SwipeDetection_DeltaYAboveThreshold_ShouldTriggerSwitch" fullname="X.Tests.SwipeUpToSwitchObjectTests.SwipeDetection_DeltaYAboveThreshold_ShouldTriggerSwitch" methodname="SwipeDetection_DeltaYAboveThreshold_ShouldTriggerSwitch" classname="X.Tests.SwipeUpToSwitchObjectTests" runstate="Runnable" seed="1519489676" result="Passed" start-time="2026-07-04 09:29:47Z" end-time="2026-07-04 09:29:47Z" duration="0.000108" asserts="0">
              <properties>
                <property name="retryIteration" value="0" />
                <property name="repeatIteration" value="0" />
              </properties>
            </test-case>
            <test-case id="1008" name="SwipeDetection_DeltaYBelowThreshold_ShouldNotTriggerSwitch" fullname="X.Tests.SwipeUpToSwitchObjectTests.SwipeDetection_DeltaYBelowThreshold_ShouldNotTriggerSwitch" methodname="SwipeDetection_DeltaYBelowThreshold_ShouldNotTriggerSwitch" classname="X.Tests.SwipeUpToSwitchObjectTests" runstate="Runnable" seed="1502520690" result="Passed" start-time="2026-07-04 09:29:47Z" end-time="2026-07-04 09:29:47Z" duration="0.000081" asserts="0">
              <properties>
                <property name="retryIteration" value="0" />
                <property name="repeatIteration" value="0" />
              </properties>
            </test-case>
            <test-case id="1009" name="SwipeDetection_NegativeDeltaY_ShouldNotTriggerSwitch" fullname="X.Tests.SwipeUpToSwitchObjectTests.SwipeDetection_NegativeDeltaY_ShouldNotTriggerSwitch" methodname="SwipeDetection_NegativeDeltaY_ShouldNotTriggerSwitch" classname="X.Tests.SwipeUpToSwitchObjectTests" runstate="Runnable" seed="1804787636" result="Passed" start-time="2026-07-04 09:29:47Z" end-time="2026-07-04 09:29:47Z" duration="0.000100" asserts="0">
              <properties>
                <property name="retryIteration" value="0" />
                <property name="repeatIteration" value="0" />
              </properties>
            </test-case>
            <test-case id="1005" name="SwitchToNextObject_FromLastIndex_WrapsAroundToZero" fullname="X.Tests.SwipeUpToSwitchObjectTests.SwitchToNextObject_FromLastIndex_WrapsAroundToZero" methodname="SwitchToNextObject_FromLastIndex_WrapsAroundToZero" classname="X.Tests.SwipeUpToSwitchObjectTests" runstate="Runnable" seed="1476133834" result="Passed" start-time="2026-07-04 09:29:47Z" end-time="2026-07-04 09:29:47Z" duration="0.000340" asserts="0">
              <properties>
                <property name="retryIteration" value="0" />
                <property name="repeatIteration" value="0" />
              </properties>
            </test-case>
            <test-case id="1006" name="SwitchToNextObject_FromMiddleIndex_IncrementsCorrectly" fullname="X.Tests.SwipeUpToSwitchObjectTests.SwitchToNextObject_FromMiddleIndex_IncrementsCorrectly" methodname="SwitchToNextObject_FromMiddleIndex_IncrementsCorrectly" classname="X.Tests.SwipeUpToSwitchObjectTests" runstate="Runnable" seed="1756480119" result="Passed" start-time="2026-07-04 09:29:47Z" end-time="2026-07-04 09:29:47Z" duration="0.000266" asserts="0">
              <properties>
                <property name="retryIteration" value="0" />
                <property name="repeatIteration" value="0" />
              </properties>
            </test-case>
          </test-suite>
          <test-suite type="TestFixture" id="1016" name="VideoLoopEditModeTest" fullname="X.Tests.VideoLoopEditModeTest" classname="X.Tests.VideoLoopEditModeTest" runstate="Runnable" testcasecount="5" result="Passed" start-time="2026-07-04 09:29:47Z" end-time="2026-07-04 09:29:47Z" duration="0.011762" total="5" passed="5" failed="0" inconclusive="0" skipped="0" asserts="0">
            <properties />
            <test-case id="1019" name="Teleporter_WithVideoType_NullVideoPlayer_ShouldNotPlay" fullname="X.Tests.VideoLoopEditModeTest.Teleporter_WithVideoType_NullVideoPlayer_ShouldNotPlay" methodname="Teleporter_WithVideoType_NullVideoPlayer_ShouldNotPlay" classname="X.Tests.VideoLoopEditModeTest" runstate="Runnable" seed="151584699" result="Passed" start-time="2026-07-04 09:29:47Z" end-time="2026-07-04 09:29:47Z" duration="0.000538" asserts="0">
              <properties>
                <property name="retryIteration" value="0" />
                <property name="repeatIteration" value="0" />
              </properties>
            </test-case>
            <test-case id="1020" name="Teleporter_WithVideoType_VideoPlayerHasNoClip_ShouldNotPlay" fullname="X.Tests.VideoLoopEditModeTest.Teleporter_WithVideoType_VideoPlayerHasNoClip_ShouldNotPlay" methodname="Teleporter_WithVideoType_VideoPlayerHasNoClip_ShouldNotPlay" classname="X.Tests.VideoLoopEditModeTest" runstate="Runnable" seed="1973897425" result="Passed" start-time="2026-07-04 09:29:47Z" end-time="2026-07-04 09:29:47Z" duration="0.000869" asserts="0">
              <properties>
                <property name="retryIteration" value="0" />
                <property name="repeatIteration" value="0" />
              </properties>
            </test-case>
            <test-case id="1021" name="Teleporter_WrongTransitionType_VideoPlayerAssigned_ShouldNotTriggerVideo" fullname="X.Tests.VideoLoopEditModeTest.Teleporter_WrongTransitionType_VideoPlayerAssigned_ShouldNotTriggerVideo" methodname="Teleporter_WrongTransitionType_VideoPlayerAssigned_ShouldNotTriggerVideo" classname="X.Tests.VideoLoopEditModeTest" runstate="Runnable" seed="1416948798" result="Passed" start-time="2026-07-04 09:29:47Z" end-time="2026-07-04 09:29:47Z" duration="0.000298" asserts="0">
              <properties>
                <property name="retryIteration" value="0" />
                <property name="repeatIteration" value="0" />
              </properties>
            </test-case>
            <test-case id="1018" name="VideoLoopTestScript_InitializesWithCorrectDefaultValues" fullname="X.Tests.VideoLoopEditModeTest.VideoLoopTestScript_InitializesWithCorrectDefaultValues" methodname="VideoLoopTestScript_InitializesWithCorrectDefaultValues" classname="X.Tests.VideoLoopEditModeTest" runstate="Runnable" seed="1706724760" result="Passed" start-time="2026-07-04 09:29:47Z" end-time="2026-07-04 09:29:47Z" duration="0.000292" asserts="0">
              <properties>
                <property name="retryIteration" value="0" />
                <property name="repeatIteration" value="0" />
              </properties>
            </test-case>
            <test-case id="1017" name="VideoPlayer_IsLoopingProperty_CanBeSetAndRetrieved" fullname="X.Tests.VideoLoopEditModeTest.VideoPlayer_IsLoopingProperty_CanBeSetAndRetrieved" methodname="VideoPlayer_IsLoopingProperty_CanBeSetAndRetrieved" classname="X.Tests.VideoLoopEditModeTest" runstate="Runnable" seed="1034546731" result="Passed" start-time="2026-07-04 09:29:47Z" end-time="2026-07-04 09:29:47Z" duration="0.000419" asserts="0">
              <properties>
                <property name="retryIteration" value="0" />
                <property name="repeatIteration" value="0" />
              </properties>
              <output><![CDATA[Saving results to: C:/Users/a0911/AppData/LocalLow/404 Not Found/CrossRoad\TestResults.xml
]]></output>
            </test-case>
          </test-suite>
        </test-suite>
      </test-suite>
    </test-suite>
  </test-suite>
</test-run>